<?xml version="1.0" encoding="UTF-8"?>
<testsuite name="JUnit Vintage" tests="12" skipped="0" failures="0" errors="0" time="0.031" hostname="7ffa74429dcd" timestamp="2022-04-11T02:38:45">
<properties>
[...]
</properties>
<testcase name="testIsEmpty" classname="DataStructures.WorkAheadQueueTest" time="0">
<system-out><![CDATA[
unique-id: [engine:junit-vintage]/[runner:DataStructures.WorkAheadQueueTest]/[test:testIsEmpty(DataStructures.WorkAheadQueueTest)]
display-name: testIsEmpty
]]></system-out>
</testcase>
<testcase name="testFirstThreeElements" classname="DataStructures.WorkAheadQueueTest" time="0">
<system-out><![CDATA[
unique-id: [engine:junit-vintage]/[runner:DataStructures.WorkAheadQueueTest]/[test:testFirstThreeElements(DataStructures.WorkAheadQueueTest)]
display-name: testFirstThreeElements
]]></system-out>
</testcase>
<testcase name="testDequeue_int2" classname="DataStructures.WorkAheadQueueTest" time="0">
<system-out><![CDATA[
unique-id: [engine:junit-vintage]/[runner:DataStructures.WorkAheadQueueTest]/[test:testDequeue_int2(DataStructures.WorkAheadQueueTest)]
display-name: testDequeue_int2
]]></system-out>
</testcase>
<testcase name="testDequeue_0args" classname="DataStructures.WorkAheadQueueTest" time="0.002">
<system-out><![CDATA[
unique-id: [engine:junit-vintage]/[runner:DataStructures.WorkAheadQueueTest]/[test:testDequeue_0args(DataStructures.WorkAheadQueueTest)]
display-name: testDequeue_0args
]]></system-out>
</testcase>
<testcase name="testEnqueue" classname="DataStructures.WorkAheadQueueTest" time="0">
<system-out><![CDATA[
unique-id: [engine:junit-vintage]/[runner:DataStructures.WorkAheadQueueTest]/[test:testEnqueue(DataStructures.WorkAheadQueueTest)]
display-name: testEnqueue
]]></system-out>
</testcase>
<testcase name="testDequeue_int_ECE" classname="DataStructures.WorkAheadQueueTest" time="0.002">
<system-out><![CDATA[
unique-id: [engine:junit-vintage]/[runner:DataStructures.WorkAheadQueueTest]/[test:testDequeue_int_ECE(DataStructures.WorkAheadQueueTest)]
display-name: testDequeue_int_ECE
]]></system-out>
</testcase>
<testcase name="testDequeue_int" classname="DataStructures.WorkAheadQueueTest" time="0">
<system-out><![CDATA[
unique-id: [engine:junit-vintage]/[runner:DataStructures.WorkAheadQueueTest]/[test:testDequeue_int(DataStructures.WorkAheadQueueTest)]
display-name: testDequeue_int
]]></system-out>
</testcase>
<testcase name="testFirstThreeNodes" classname="DataStructures.WorkAheadQueueTest" time="0">
<system-out><![CDATA[
unique-id: [engine:junit-vintage]/[runner:DataStructures.WorkAheadQueueTest]/[test:testFirstThreeNodes(DataStructures.WorkAheadQueueTest)]
display-name: testFirstThreeNodes
]]></system-out>
</testcase>
<testcase name="testDequeue_int_IAE" classname="DataStructures.WorkAheadQueueTest" time="0">
<system-out><![CDATA[
unique-id: [engine:junit-vintage]/[runner:DataStructures.WorkAheadQueueTest]/[test:testDequeue_int_IAE(DataStructures.WorkAheadQueueTest)]
display-name: testDequeue_int_IAE
]]></system-out>
</testcase>
<testcase name="testFirst_0args" classname="DataStructures.WorkAheadQueueTest" time="0">
<system-out><![CDATA[
unique-id: [engine:junit-vintage]/[runner:DataStructures.WorkAheadQueueTest]/[test:testFirst_0args(DataStructures.WorkAheadQueueTest)]
display-name: testFirst_0args
]]></system-out>
</testcase>
<testcase name="testFirst_int" classname="DataStructures.WorkAheadQueueTest" time="0">
<system-out><![CDATA[
unique-id: [engine:junit-vintage]/[runner:DataStructures.WorkAheadQueueTest]/[test:testFirst_int(DataStructures.WorkAheadQueueTest)]
display-name: testFirst_int
]]></system-out>
</testcase>
<testcase name="testSize" classname="DataStructures.WorkAheadQueueTest" time="0">
<system-out><![CDATA[
unique-id: [engine:junit-vintage]/[runner:DataStructures.WorkAheadQueueTest]/[test:testSize(DataStructures.WorkAheadQueueTest)]
display-name: testSize
]]></system-out>
</testcase>
<system-out><![CDATA[
unique-id: [engine:junit-vintage]
display-name: JUnit Vintage
]]></system-out>
</testsuite>
