<?xml version="1.0" encoding="UTF-8"?>
<testsuite name="JUnit Vintage" tests="3" skipped="0" failures="0" errors="0" time="0.041" hostname="b714d22ef1d2" timestamp="2022-05-01T19:06:07">
<properties>
[...]
</properties>
<testcase name="testInitiateCollapse" classname="pyramid_scheme.PyramidSchemeTest" time="0.009">
<system-out><![CDATA[
unique-id: [engine:junit-vintage]/[runner:pyramid_scheme.PyramidSchemeTest]/[test:testInitiateCollapse(pyramid_scheme.PyramidSchemeTest)]
display-name: testInitiateCollapse
]]></system-out>
</testcase>
<testcase name="testAddChild" classname="pyramid_scheme.PyramidSchemeTest" time="0.004">
<system-out><![CDATA[
unique-id: [engine:junit-vintage]/[runner:pyramid_scheme.PyramidSchemeTest]/[test:testAddChild(pyramid_scheme.PyramidSchemeTest)]
display-name: testAddChild
]]></system-out>
</testcase>
<testcase name="testWhoBenefits" classname="pyramid_scheme.PyramidSchemeTest" time="0">
<system-out><![CDATA[
unique-id: [engine:junit-vintage]/[runner:pyramid_scheme.PyramidSchemeTest]/[test:testWhoBenefits(pyramid_scheme.PyramidSchemeTest)]
display-name: testWhoBenefits
]]></system-out>
</testcase>
<system-out><![CDATA[
unique-id: [engine:junit-vintage]
display-name: JUnit Vintage
]]></system-out>
</testsuite>
